
**** Build of configuration Debug for project TMS570LS1224_Example ****

/Applications/ti/ccs910/ccs/utils/bin/gmake -k -j 3 all -O 
 
Building file: "../source/esm.c"
Invoking: ARM Compiler
"/Applications/ti/ccs910/ccs/tools/compiler/ti-cgt-arm_18.12.2.LTS/bin/armcl" -mv7R4 --code_state=32 --float_support=VFPv3D16 --include_path="/Users/sems/Documents/Workspace/mbed/ARM/TI/TMS570LS1224_Example" --include_path="/Applications/ti/ccs910/ccs/tools/compiler/ti-cgt-arm_18.12.2.LTS/include" -g --diag_warning=225 --diag_wrap=off --display_error_number --enum_type=packed --abi=eabi --preproc_with_compile --preproc_dependency="source/esm.d_raw" --obj_directory="source"  "../source/esm.c"
 
>> Compilation failure
source/subdir_rules.mk:14: recipe for target 'source/esm.obj' failed
"../source/esm.c", line 52: fatal error #1965: cannot open source file "esm.h"
1 catastrophic error detected in the compilation of "../source/esm.c".
Compilation terminated.
gmake: *** [source/esm.obj] Error 1
"../source/errata_SSWF021_45.c", line 40: fatal error #1965: cannot open source file "errata_SSWF021_45_defs.h"
1 catastrophic error detected in the compilation of "../source/errata_SSWF021_45.c".
Compilation terminated.
gmake: *** [source/errata_SSWF021_45.obj] Error 1
Building file: "../source/errata_SSWF021_45.c"
Invoking: ARM Compiler
"/Applications/ti/ccs910/ccs/tools/compiler/ti-cgt-arm_18.12.2.LTS/bin/armcl" -mv7R4 --code_state=32 --float_support=VFPv3D16 --include_path="/Users/sems/Documents/Workspace/mbed/ARM/TI/TMS570LS1224_Example" --include_path="/Applications/ti/ccs910/ccs/tools/compiler/ti-cgt-arm_18.12.2.LTS/include" -g --diag_warning=225 --diag_wrap=off --display_error_number --enum_type=packed --abi=eabi --preproc_with_compile --preproc_dependency="source/errata_SSWF021_45.d_raw" --obj_directory="source"  "../source/errata_SSWF021_45.c"
 
>> Compilation failure
source/subdir_rules.mk:14: recipe for target 'source/errata_SSWF021_45.obj' failed
Building file: "../source/notification.c"
Invoking: ARM Compiler
"/Applications/ti/ccs910/ccs/tools/compiler/ti-cgt-arm_18.12.2.LTS/bin/armcl" -mv7R4 --code_state=32 --float_support=VFPv3D16 --include_path="/Users/sems/Documents/Workspace/mbed/ARM/TI/TMS570LS1224_Example" --include_path="/Applications/ti/ccs910/ccs/tools/compiler/ti-cgt-arm_18.12.2.LTS/include" -g --diag_warning=225 --diag_wrap=off --display_error_number --enum_type=packed --abi=eabi --preproc_with_compile --preproc_dependency="source/notification.d_raw" --obj_directory="source"  "../source/notification.c"
 
>> Compilation failure
source/subdir_rules.mk:14: recipe for target 'source/notification.obj' failed
"../source/notification.c", line 51: fatal error #1965: cannot open source file "esm.h"
1 catastrophic error detected in the compilation of "../source/notification.c".
Compilation terminated.
gmake: *** [source/notification.obj] Error 1
"../source/pinmux.c", line 45: fatal error #1965: cannot open source file "pinmux.h"
1 catastrophic error detected in the compilation of "../source/pinmux.c".
Compilation terminated.
gmake: *** [source/pinmux.obj] Error 1
Building file: "../source/pinmux.c"
Invoking: ARM Compiler
"/Applications/ti/ccs910/ccs/tools/compiler/ti-cgt-arm_18.12.2.LTS/bin/armcl" -mv7R4 --code_state=32 --float_support=VFPv3D16 --include_path="/Users/sems/Documents/Workspace/mbed/ARM/TI/TMS570LS1224_Example" --include_path="/Applications/ti/ccs910/ccs/tools/compiler/ti-cgt-arm_18.12.2.LTS/include" -g --diag_warning=225 --diag_wrap=off --display_error_number --enum_type=packed --abi=eabi --preproc_with_compile --preproc_dependency="source/pinmux.d_raw" --obj_directory="source"  "../source/pinmux.c"
 
>> Compilation failure
source/subdir_rules.mk:14: recipe for target 'source/pinmux.obj' failed
Building file: "../source/sci.c"
Invoking: ARM Compiler
"/Applications/ti/ccs910/ccs/tools/compiler/ti-cgt-arm_18.12.2.LTS/bin/armcl" -mv7R4 --code_state=32 --float_support=VFPv3D16 --include_path="/Users/sems/Documents/Workspace/mbed/ARM/TI/TMS570LS1224_Example" --include_path="/Applications/ti/ccs910/ccs/tools/compiler/ti-cgt-arm_18.12.2.LTS/include" -g --diag_warning=225 --diag_wrap=off --display_error_number --enum_type=packed --abi=eabi --preproc_with_compile --preproc_dependency="source/sci.d_raw" --obj_directory="source"  "../source/sci.c"
 
>> Compilation failure
source/subdir_rules.mk:14: recipe for target 'source/sci.obj' failed
"../source/sci.c", line 46: fatal error #1965: cannot open source file "sci.h"
1 catastrophic error detected in the compilation of "../source/sci.c".
Compilation terminated.
gmake: *** [source/sci.obj] Error 1
Building file: "../source/sys_dma.c"
Invoking: ARM Compiler
"/Applications/ti/ccs910/ccs/tools/compiler/ti-cgt-arm_18.12.2.LTS/bin/armcl" -mv7R4 --code_state=32 --float_support=VFPv3D16 --include_path="/Users/sems/Documents/Workspace/mbed/ARM/TI/TMS570LS1224_Example" --include_path="/Applications/ti/ccs910/ccs/tools/compiler/ti-cgt-arm_18.12.2.LTS/include" -g --diag_warning=225 --diag_wrap=off --display_error_number --enum_type=packed --abi=eabi --preproc_with_compile --preproc_dependency="source/sys_dma.d_raw" --obj_directory="source"  "../source/sys_dma.c"
 
>> Compilation failure
source/subdir_rules.mk:14: recipe for target 'source/sys_dma.obj' failed
"../source/sys_dma.c", line 44: fatal error #1965: cannot open source file "sys_dma.h"
1 catastrophic error detected in the compilation of "../source/sys_dma.c".
Compilation terminated.
gmake: *** [source/sys_dma.obj] Error 1
Building file: "../source/sys_intvecs.asm"
Invoking: ARM Compiler
"/Applications/ti/ccs910/ccs/tools/compiler/ti-cgt-arm_18.12.2.LTS/bin/armcl" -mv7R4 --code_state=32 --float_support=VFPv3D16 --include_path="/Users/sems/Documents/Workspace/mbed/ARM/TI/TMS570LS1224_Example" --include_path="/Applications/ti/ccs910/ccs/tools/compiler/ti-cgt-arm_18.12.2.LTS/include" -g --diag_warning=225 --diag_wrap=off --display_error_number --enum_type=packed --abi=eabi --preproc_with_compile --preproc_dependency="source/sys_intvecs.d_raw" --obj_directory="source"  "../source/sys_intvecs.asm"
Finished building: "../source/sys_intvecs.asm"
 
Building file: "../source/sys_core.asm"
Invoking: ARM Compiler
"/Applications/ti/ccs910/ccs/tools/compiler/ti-cgt-arm_18.12.2.LTS/bin/armcl" -mv7R4 --code_state=32 --float_support=VFPv3D16 --include_path="/Users/sems/Documents/Workspace/mbed/ARM/TI/TMS570LS1224_Example" --include_path="/Applications/ti/ccs910/ccs/tools/compiler/ti-cgt-arm_18.12.2.LTS/include" -g --diag_warning=225 --diag_wrap=off --display_error_number --enum_type=packed --abi=eabi --preproc_with_compile --preproc_dependency="source/sys_core.d_raw" --obj_directory="source"  "../source/sys_core.asm"
Finished building: "../source/sys_core.asm"
 
Building file: "../source/dabort.asm"
Invoking: ARM Compiler
"/Applications/ti/ccs910/ccs/tools/compiler/ti-cgt-arm_18.12.2.LTS/bin/armcl" -mv7R4 --code_state=32 --float_support=VFPv3D16 --include_path="/Users/sems/Documents/Workspace/mbed/ARM/TI/TMS570LS1224_Example" --include_path="/Applications/ti/ccs910/ccs/tools/compiler/ti-cgt-arm_18.12.2.LTS/include" -g --diag_warning=225 --diag_wrap=off --display_error_number --enum_type=packed --abi=eabi --preproc_with_compile --preproc_dependency="source/dabort.d_raw" --obj_directory="source"  "../source/dabort.asm"
Finished building: "../source/dabort.asm"
 
Building file: "../source/sys_main.c"
Invoking: ARM Compiler
"/Applications/ti/ccs910/ccs/tools/compiler/ti-cgt-arm_18.12.2.LTS/bin/armcl" -mv7R4 --code_state=32 --float_support=VFPv3D16 --include_path="/Users/sems/Documents/Workspace/mbed/ARM/TI/TMS570LS1224_Example" --include_path="/Applications/ti/ccs910/ccs/tools/compiler/ti-cgt-arm_18.12.2.LTS/include" -g --diag_warning=225 --diag_wrap=off --display_error_number --enum_type=packed --abi=eabi --preproc_with_compile --preproc_dependency="source/sys_main.d_raw" --obj_directory="source"  "../source/sys_main.c"
 
>> Compilation failure
source/subdir_rules.mk:14: recipe for target 'source/sys_main.obj' failed
"../source/sys_main.c", line 50: fatal error #1965: cannot open source file "sys_common.h"
1 catastrophic error detected in the compilation of "../source/sys_main.c".
Compilation terminated.
gmake: *** [source/sys_main.obj] Error 1
Building file: "../source/sys_pcr.c"
Invoking: ARM Compiler
"/Applications/ti/ccs910/ccs/tools/compiler/ti-cgt-arm_18.12.2.LTS/bin/armcl" -mv7R4 --code_state=32 --float_support=VFPv3D16 --include_path="/Users/sems/Documents/Workspace/mbed/ARM/TI/TMS570LS1224_Example" --include_path="/Applications/ti/ccs910/ccs/tools/compiler/ti-cgt-arm_18.12.2.LTS/include" -g --diag_warning=225 --diag_wrap=off --display_error_number --enum_type=packed --abi=eabi --preproc_with_compile --preproc_dependency="source/sys_pcr.d_raw" --obj_directory="source"  "../source/sys_pcr.c"
 
>> Compilation failure
source/subdir_rules.mk:14: recipe for target 'source/sys_pcr.obj' failed
"../source/sys_pcr.c", line 42: fatal error #1965: cannot open source file "sys_pcr.h"
1 catastrophic error detected in the compilation of "../source/sys_pcr.c".
Compilation terminated.
gmake: *** [source/sys_pcr.obj] Error 1
Building file: "../source/sys_mpu.asm"
Invoking: ARM Compiler
"/Applications/ti/ccs910/ccs/tools/compiler/ti-cgt-arm_18.12.2.LTS/bin/armcl" -mv7R4 --code_state=32 --float_support=VFPv3D16 --include_path="/Users/sems/Documents/Workspace/mbed/ARM/TI/TMS570LS1224_Example" --include_path="/Applications/ti/ccs910/ccs/tools/compiler/ti-cgt-arm_18.12.2.LTS/include" -g --diag_warning=225 --diag_wrap=off --display_error_number --enum_type=packed --abi=eabi --preproc_with_compile --preproc_dependency="source/sys_mpu.d_raw" --obj_directory="source"  "../source/sys_mpu.asm"
Finished building: "../source/sys_mpu.asm"
 
Building file: "../source/sys_phantom.c"
Invoking: ARM Compiler
"/Applications/ti/ccs910/ccs/tools/compiler/ti-cgt-arm_18.12.2.LTS/bin/armcl" -mv7R4 --code_state=32 --float_support=VFPv3D16 --include_path="/Users/sems/Documents/Workspace/mbed/ARM/TI/TMS570LS1224_Example" --include_path="/Applications/ti/ccs910/ccs/tools/compiler/ti-cgt-arm_18.12.2.LTS/include" -g --diag_warning=225 --diag_wrap=off --display_error_number --enum_type=packed --abi=eabi --preproc_with_compile --preproc_dependency="source/sys_phantom.d_raw" --obj_directory="source"  "../source/sys_phantom.c"
 
>> Compilation failure
source/subdir_rules.mk:14: recipe for target 'source/sys_phantom.obj' failed
"../source/sys_phantom.c", line 45: fatal error #1965: cannot open source file "sys_common.h"
1 catastrophic error detected in the compilation of "../source/sys_phantom.c".
Compilation terminated.
gmake: *** [source/sys_phantom.obj] Error 1
"../source/sys_pmm.c", line 42: fatal error #1965: cannot open source file "sys_pmm.h"
1 catastrophic error detected in the compilation of "../source/sys_pmm.c".
Compilation terminated.
gmake: *** [source/sys_pmm.obj] Error 1
Building file: "../source/sys_pmm.c"
Invoking: ARM Compiler
"/Applications/ti/ccs910/ccs/tools/compiler/ti-cgt-arm_18.12.2.LTS/bin/armcl" -mv7R4 --code_state=32 --float_support=VFPv3D16 --include_path="/Users/sems/Documents/Workspace/mbed/ARM/TI/TMS570LS1224_Example" --include_path="/Applications/ti/ccs910/ccs/tools/compiler/ti-cgt-arm_18.12.2.LTS/include" -g --diag_warning=225 --diag_wrap=off --display_error_number --enum_type=packed --abi=eabi --preproc_with_compile --preproc_dependency="source/sys_pmm.d_raw" --obj_directory="source"  "../source/sys_pmm.c"
 
>> Compilation failure
source/subdir_rules.mk:14: recipe for target 'source/sys_pmm.obj' failed
Building file: "../source/sys_pmu.asm"
Invoking: ARM Compiler
"/Applications/ti/ccs910/ccs/tools/compiler/ti-cgt-arm_18.12.2.LTS/bin/armcl" -mv7R4 --code_state=32 --float_support=VFPv3D16 --include_path="/Users/sems/Documents/Workspace/mbed/ARM/TI/TMS570LS1224_Example" --include_path="/Applications/ti/ccs910/ccs/tools/compiler/ti-cgt-arm_18.12.2.LTS/include" -g --diag_warning=225 --diag_wrap=off --display_error_number --enum_type=packed --abi=eabi --preproc_with_compile --preproc_dependency="source/sys_pmu.d_raw" --obj_directory="source"  "../source/sys_pmu.asm"
Finished building: "../source/sys_pmu.asm"
 
Building file: "../source/sys_startup.c"
Invoking: ARM Compiler
"/Applications/ti/ccs910/ccs/tools/compiler/ti-cgt-arm_18.12.2.LTS/bin/armcl" -mv7R4 --code_state=32 --float_support=VFPv3D16 --include_path="/Users/sems/Documents/Workspace/mbed/ARM/TI/TMS570LS1224_Example" --include_path="/Applications/ti/ccs910/ccs/tools/compiler/ti-cgt-arm_18.12.2.LTS/include" -g --diag_warning=225 --diag_wrap=off --display_error_number --enum_type=packed --abi=eabi --preproc_with_compile --preproc_dependency="source/sys_startup.d_raw" --obj_directory="source"  "../source/sys_startup.c"
 
>> Compilation failure
source/subdir_rules.mk:14: recipe for target 'source/sys_startup.obj' failed
"../source/sys_startup.c", line 57: fatal error #1965: cannot open source file "sys_common.h"
1 catastrophic error detected in the compilation of "../source/sys_startup.c".
Compilation terminated.
gmake: *** [source/sys_startup.obj] Error 1
"../source/sys_selftest.c", line 48: fatal error #1965: cannot open source file "sys_selftest.h"
1 catastrophic error detected in the compilation of "../source/sys_selftest.c".
Compilation terminated.
gmake: *** [source/sys_selftest.obj] Error 1
Building file: "../source/sys_selftest.c"
Invoking: ARM Compiler
"/Applications/ti/ccs910/ccs/tools/compiler/ti-cgt-arm_18.12.2.LTS/bin/armcl" -mv7R4 --code_state=32 --float_support=VFPv3D16 --include_path="/Users/sems/Documents/Workspace/mbed/ARM/TI/TMS570LS1224_Example" --include_path="/Applications/ti/ccs910/ccs/tools/compiler/ti-cgt-arm_18.12.2.LTS/include" -g --diag_warning=225 --diag_wrap=off --display_error_number --enum_type=packed --abi=eabi --preproc_with_compile --preproc_dependency="source/sys_selftest.d_raw" --obj_directory="source"  "../source/sys_selftest.c"
 
>> Compilation failure
source/subdir_rules.mk:14: recipe for target 'source/sys_selftest.obj' failed
Building file: "../source/sys_vim.c"
Invoking: ARM Compiler
"/Applications/ti/ccs910/ccs/tools/compiler/ti-cgt-arm_18.12.2.LTS/bin/armcl" -mv7R4 --code_state=32 --float_support=VFPv3D16 --include_path="/Users/sems/Documents/Workspace/mbed/ARM/TI/TMS570LS1224_Example" --include_path="/Applications/ti/ccs910/ccs/tools/compiler/ti-cgt-arm_18.12.2.LTS/include" -g --diag_warning=225 --diag_wrap=off --display_error_number --enum_type=packed --abi=eabi --preproc_with_compile --preproc_dependency="source/sys_vim.d_raw" --obj_directory="source"  "../source/sys_vim.c"
 
>> Compilation failure
source/subdir_rules.mk:14: recipe for target 'source/sys_vim.obj' failed
"../source/sys_vim.c", line 44: fatal error #1965: cannot open source file "sys_vim.h"
1 catastrophic error detected in the compilation of "../source/sys_vim.c".
Compilation terminated.
gmake: *** [source/sys_vim.obj] Error 1
"../source/system.c", line 53: fatal error #1965: cannot open source file "system.h"
1 catastrophic error detected in the compilation of "../source/system.c".
Compilation terminated.
gmake: *** [source/system.obj] Error 1
Building file: "../source/system.c"
Invoking: ARM Compiler
"/Applications/ti/ccs910/ccs/tools/compiler/ti-cgt-arm_18.12.2.LTS/bin/armcl" -mv7R4 --code_state=32 --float_support=VFPv3D16 --include_path="/Users/sems/Documents/Workspace/mbed/ARM/TI/TMS570LS1224_Example" --include_path="/Applications/ti/ccs910/ccs/tools/compiler/ti-cgt-arm_18.12.2.LTS/include" -g --diag_warning=225 --diag_wrap=off --display_error_number --enum_type=packed --abi=eabi --preproc_with_compile --preproc_dependency="source/system.d_raw" --obj_directory="source"  "../source/system.c"
 
>> Compilation failure
source/subdir_rules.mk:14: recipe for target 'source/system.obj' failed
gmake: Target 'all' not remade because of errors.

**** Build Finished ****

**** Build of configuration Debug for project TMS570LS1224_Example ****

/Applications/ti/ccs910/ccs/utils/bin/gmake -k -j 3 all -O 
 
Building file: "../source/errata_SSWF021_45.c"
Invoking: ARM Compiler
"/Applications/ti/ccs910/ccs/tools/compiler/ti-cgt-arm_18.12.2.LTS/bin/armcl" -mv7R4 --code_state=32 --float_support=VFPv3D16 --include_path="/Users/sems/Documents/Workspace/mbed/ARM/TI/TMS570LS1224_Example/include" --include_path="/Users/sems/Documents/Workspace/mbed/ARM/TI/TMS570LS1224_Example/source" --include_path="/Users/sems/Documents/Workspace/mbed/ARM/TI/TMS570LS1224_Example" --include_path="/Applications/ti/ccs910/ccs/tools/compiler/ti-cgt-arm_18.12.2.LTS/include" -g --diag_warning=225 --diag_wrap=off --display_error_number --enum_type=packed --abi=eabi --preproc_with_compile --preproc_dependency="source/errata_SSWF021_45.d_raw" --obj_directory="source"  "../source/errata_SSWF021_45.c"
Finished building: "../source/errata_SSWF021_45.c"
 
Building file: "../source/esm.c"
Invoking: ARM Compiler
"/Applications/ti/ccs910/ccs/tools/compiler/ti-cgt-arm_18.12.2.LTS/bin/armcl" -mv7R4 --code_state=32 --float_support=VFPv3D16 --include_path="/Users/sems/Documents/Workspace/mbed/ARM/TI/TMS570LS1224_Example/include" --include_path="/Users/sems/Documents/Workspace/mbed/ARM/TI/TMS570LS1224_Example/source" --include_path="/Users/sems/Documents/Workspace/mbed/ARM/TI/TMS570LS1224_Example" --include_path="/Applications/ti/ccs910/ccs/tools/compiler/ti-cgt-arm_18.12.2.LTS/include" -g --diag_warning=225 --diag_wrap=off --display_error_number --enum_type=packed --abi=eabi --preproc_with_compile --preproc_dependency="source/esm.d_raw" --obj_directory="source"  "../source/esm.c"
Finished building: "../source/esm.c"
 
Building file: "../source/notification.c"
Invoking: ARM Compiler
"/Applications/ti/ccs910/ccs/tools/compiler/ti-cgt-arm_18.12.2.LTS/bin/armcl" -mv7R4 --code_state=32 --float_support=VFPv3D16 --include_path="/Users/sems/Documents/Workspace/mbed/ARM/TI/TMS570LS1224_Example/include" --include_path="/Users/sems/Documents/Workspace/mbed/ARM/TI/TMS570LS1224_Example/source" --include_path="/Users/sems/Documents/Workspace/mbed/ARM/TI/TMS570LS1224_Example" --include_path="/Applications/ti/ccs910/ccs/tools/compiler/ti-cgt-arm_18.12.2.LTS/include" -g --diag_warning=225 --diag_wrap=off --display_error_number --enum_type=packed --abi=eabi --preproc_with_compile --preproc_dependency="source/notification.d_raw" --obj_directory="source"  "../source/notification.c"
Finished building: "../source/notification.c"
 
Building file: "../source/pinmux.c"
Invoking: ARM Compiler
"/Applications/ti/ccs910/ccs/tools/compiler/ti-cgt-arm_18.12.2.LTS/bin/armcl" -mv7R4 --code_state=32 --float_support=VFPv3D16 --include_path="/Users/sems/Documents/Workspace/mbed/ARM/TI/TMS570LS1224_Example/include" --include_path="/Users/sems/Documents/Workspace/mbed/ARM/TI/TMS570LS1224_Example/source" --include_path="/Users/sems/Documents/Workspace/mbed/ARM/TI/TMS570LS1224_Example" --include_path="/Applications/ti/ccs910/ccs/tools/compiler/ti-cgt-arm_18.12.2.LTS/include" -g --diag_warning=225 --diag_wrap=off --display_error_number --enum_type=packed --abi=eabi --preproc_with_compile --preproc_dependency="source/pinmux.d_raw" --obj_directory="source"  "../source/pinmux.c"
Finished building: "../source/pinmux.c"
 
Building file: "../source/sys_dma.c"
Invoking: ARM Compiler
"/Applications/ti/ccs910/ccs/tools/compiler/ti-cgt-arm_18.12.2.LTS/bin/armcl" -mv7R4 --code_state=32 --float_support=VFPv3D16 --include_path="/Users/sems/Documents/Workspace/mbed/ARM/TI/TMS570LS1224_Example/include" --include_path="/Users/sems/Documents/Workspace/mbed/ARM/TI/TMS570LS1224_Example/source" --include_path="/Users/sems/Documents/Workspace/mbed/ARM/TI/TMS570LS1224_Example" --include_path="/Applications/ti/ccs910/ccs/tools/compiler/ti-cgt-arm_18.12.2.LTS/include" -g --diag_warning=225 --diag_wrap=off --display_error_number --enum_type=packed --abi=eabi --preproc_with_compile --preproc_dependency="source/sys_dma.d_raw" --obj_directory="source"  "../source/sys_dma.c"
Finished building: "../source/sys_dma.c"
 
Building file: "../source/sys_main.c"
Invoking: ARM Compiler
"/Applications/ti/ccs910/ccs/tools/compiler/ti-cgt-arm_18.12.2.LTS/bin/armcl" -mv7R4 --code_state=32 --float_support=VFPv3D16 --include_path="/Users/sems/Documents/Workspace/mbed/ARM/TI/TMS570LS1224_Example/include" --include_path="/Users/sems/Documents/Workspace/mbed/ARM/TI/TMS570LS1224_Example/source" --include_path="/Users/sems/Documents/Workspace/mbed/ARM/TI/TMS570LS1224_Example" --include_path="/Applications/ti/ccs910/ccs/tools/compiler/ti-cgt-arm_18.12.2.LTS/include" -g --diag_warning=225 --diag_wrap=off --display_error_number --enum_type=packed --abi=eabi --preproc_with_compile --preproc_dependency="source/sys_main.d_raw" --obj_directory="source"  "../source/sys_main.c"
Finished building: "../source/sys_main.c"
 
Building file: "../source/sci.c"
Invoking: ARM Compiler
"/Applications/ti/ccs910/ccs/tools/compiler/ti-cgt-arm_18.12.2.LTS/bin/armcl" -mv7R4 --code_state=32 --float_support=VFPv3D16 --include_path="/Users/sems/Documents/Workspace/mbed/ARM/TI/TMS570LS1224_Example/include" --include_path="/Users/sems/Documents/Workspace/mbed/ARM/TI/TMS570LS1224_Example/source" --include_path="/Users/sems/Documents/Workspace/mbed/ARM/TI/TMS570LS1224_Example" --include_path="/Applications/ti/ccs910/ccs/tools/compiler/ti-cgt-arm_18.12.2.LTS/include" -g --diag_warning=225 --diag_wrap=off --display_error_number --enum_type=packed --abi=eabi --preproc_with_compile --preproc_dependency="source/sci.d_raw" --obj_directory="source"  "../source/sci.c"
Finished building: "../source/sci.c"
 
Building file: "../source/sys_pcr.c"
Invoking: ARM Compiler
"/Applications/ti/ccs910/ccs/tools/compiler/ti-cgt-arm_18.12.2.LTS/bin/armcl" -mv7R4 --code_state=32 --float_support=VFPv3D16 --include_path="/Users/sems/Documents/Workspace/mbed/ARM/TI/TMS570LS1224_Example/include" --include_path="/Users/sems/Documents/Workspace/mbed/ARM/TI/TMS570LS1224_Example/source" --include_path="/Users/sems/Documents/Workspace/mbed/ARM/TI/TMS570LS1224_Example" --include_path="/Applications/ti/ccs910/ccs/tools/compiler/ti-cgt-arm_18.12.2.LTS/include" -g --diag_warning=225 --diag_wrap=off --display_error_number --enum_type=packed --abi=eabi --preproc_with_compile --preproc_dependency="source/sys_pcr.d_raw" --obj_directory="source"  "../source/sys_pcr.c"
Finished building: "../source/sys_pcr.c"
 
Building file: "../source/sys_phantom.c"
Invoking: ARM Compiler
"/Applications/ti/ccs910/ccs/tools/compiler/ti-cgt-arm_18.12.2.LTS/bin/armcl" -mv7R4 --code_state=32 --float_support=VFPv3D16 --include_path="/Users/sems/Documents/Workspace/mbed/ARM/TI/TMS570LS1224_Example/include" --include_path="/Users/sems/Documents/Workspace/mbed/ARM/TI/TMS570LS1224_Example/source" --include_path="/Users/sems/Documents/Workspace/mbed/ARM/TI/TMS570LS1224_Example" --include_path="/Applications/ti/ccs910/ccs/tools/compiler/ti-cgt-arm_18.12.2.LTS/include" -g --diag_warning=225 --diag_wrap=off --display_error_number --enum_type=packed --abi=eabi --preproc_with_compile --preproc_dependency="source/sys_phantom.d_raw" --obj_directory="source"  "../source/sys_phantom.c"
Finished building: "../source/sys_phantom.c"
 
Building file: "../source/sys_pmm.c"
Invoking: ARM Compiler
"/Applications/ti/ccs910/ccs/tools/compiler/ti-cgt-arm_18.12.2.LTS/bin/armcl" -mv7R4 --code_state=32 --float_support=VFPv3D16 --include_path="/Users/sems/Documents/Workspace/mbed/ARM/TI/TMS570LS1224_Example/include" --include_path="/Users/sems/Documents/Workspace/mbed/ARM/TI/TMS570LS1224_Example/source" --include_path="/Users/sems/Documents/Workspace/mbed/ARM/TI/TMS570LS1224_Example" --include_path="/Applications/ti/ccs910/ccs/tools/compiler/ti-cgt-arm_18.12.2.LTS/include" -g --diag_warning=225 --diag_wrap=off --display_error_number --enum_type=packed --abi=eabi --preproc_with_compile --preproc_dependency="source/sys_pmm.d_raw" --obj_directory="source"  "../source/sys_pmm.c"
Finished building: "../source/sys_pmm.c"
 
Building file: "../source/sys_startup.c"
Invoking: ARM Compiler
"/Applications/ti/ccs910/ccs/tools/compiler/ti-cgt-arm_18.12.2.LTS/bin/armcl" -mv7R4 --code_state=32 --float_support=VFPv3D16 --include_path="/Users/sems/Documents/Workspace/mbed/ARM/TI/TMS570LS1224_Example/include" --include_path="/Users/sems/Documents/Workspace/mbed/ARM/TI/TMS570LS1224_Example/source" --include_path="/Users/sems/Documents/Workspace/mbed/ARM/TI/TMS570LS1224_Example" --include_path="/Applications/ti/ccs910/ccs/tools/compiler/ti-cgt-arm_18.12.2.LTS/include" -g --diag_warning=225 --diag_wrap=off --display_error_number --enum_type=packed --abi=eabi --preproc_with_compile --preproc_dependency="source/sys_startup.d_raw" --obj_directory="source"  "../source/sys_startup.c"
Finished building: "../source/sys_startup.c"
 
Building file: "../source/sys_vim.c"
Invoking: ARM Compiler
"/Applications/ti/ccs910/ccs/tools/compiler/ti-cgt-arm_18.12.2.LTS/bin/armcl" -mv7R4 --code_state=32 --float_support=VFPv3D16 --include_path="/Users/sems/Documents/Workspace/mbed/ARM/TI/TMS570LS1224_Example/include" --include_path="/Users/sems/Documents/Workspace/mbed/ARM/TI/TMS570LS1224_Example/source" --include_path="/Users/sems/Documents/Workspace/mbed/ARM/TI/TMS570LS1224_Example" --include_path="/Applications/ti/ccs910/ccs/tools/compiler/ti-cgt-arm_18.12.2.LTS/include" -g --diag_warning=225 --diag_wrap=off --display_error_number --enum_type=packed --abi=eabi --preproc_with_compile --preproc_dependency="source/sys_vim.d_raw" --obj_directory="source"  "../source/sys_vim.c"
Finished building: "../source/sys_vim.c"
 
Building file: "../source/system.c"
Invoking: ARM Compiler
"/Applications/ti/ccs910/ccs/tools/compiler/ti-cgt-arm_18.12.2.LTS/bin/armcl" -mv7R4 --code_state=32 --float_support=VFPv3D16 --include_path="/Users/sems/Documents/Workspace/mbed/ARM/TI/TMS570LS1224_Example/include" --include_path="/Users/sems/Documents/Workspace/mbed/ARM/TI/TMS570LS1224_Example/source" --include_path="/Users/sems/Documents/Workspace/mbed/ARM/TI/TMS570LS1224_Example" --include_path="/Applications/ti/ccs910/ccs/tools/compiler/ti-cgt-arm_18.12.2.LTS/include" -g --diag_warning=225 --diag_wrap=off --display_error_number --enum_type=packed --abi=eabi --preproc_with_compile --preproc_dependency="source/system.d_raw" --obj_directory="source"  "../source/system.c"
Finished building: "../source/system.c"
 
Building file: "../source/sys_selftest.c"
Invoking: ARM Compiler
"/Applications/ti/ccs910/ccs/tools/compiler/ti-cgt-arm_18.12.2.LTS/bin/armcl" -mv7R4 --code_state=32 --float_support=VFPv3D16 --include_path="/Users/sems/Documents/Workspace/mbed/ARM/TI/TMS570LS1224_Example/include" --include_path="/Users/sems/Documents/Workspace/mbed/ARM/TI/TMS570LS1224_Example/source" --include_path="/Users/sems/Documents/Workspace/mbed/ARM/TI/TMS570LS1224_Example" --include_path="/Applications/ti/ccs910/ccs/tools/compiler/ti-cgt-arm_18.12.2.LTS/include" -g --diag_warning=225 --diag_wrap=off --display_error_number --enum_type=packed --abi=eabi --preproc_with_compile --preproc_dependency="source/sys_selftest.d_raw" --obj_directory="source"  "../source/sys_selftest.c"
Finished building: "../source/sys_selftest.c"
 
Building target: "TMS570LS1224_Example.out"
Invoking: ARM Linker
"/Applications/ti/ccs910/ccs/tools/compiler/ti-cgt-arm_18.12.2.LTS/bin/armcl" -mv7R4 --code_state=32 --float_support=VFPv3D16 -g --diag_warning=225 --diag_wrap=off --display_error_number --enum_type=packed --abi=eabi -z -m"TMS570LS1224_Example.map" --heap_size=0x800 --stack_size=0x800 -i"/Applications/ti/ccs910/ccs/tools/compiler/ti-cgt-arm_18.12.2.LTS/lib" -i"/Applications/ti/ccs910/ccs/tools/compiler/ti-cgt-arm_18.12.2.LTS/include" --reread_libs --diag_wrap=off --display_error_number --warn_sections --xml_link_info="TMS570LS1224_Example_linkInfo.xml" --rom_model --be32 -o "TMS570LS1224_Example.out" "./source/dabort.obj" "./source/errata_SSWF021_45.obj" "./source/esm.obj" "./source/notification.obj" "./source/pinmux.obj" "./source/sci.obj" "./source/sys_core.obj" "./source/sys_dma.obj" "./source/sys_intvecs.obj" "./source/sys_main.obj" "./source/sys_mpu.obj" "./source/sys_pcr.obj" "./source/sys_phantom.obj" "./source/sys_pmm.obj" "./source/sys_pmu.obj" "./source/sys_selftest.obj" "./source/sys_startup.obj" "./source/sys_vim.obj" "./source/system.obj" "../source/sys_link.cmd"  -lrtsv7R4_T_be_v3D16_eabi.lib 
<Linking>
Finished building target: "TMS570LS1224_Example.out"
 

**** Build Finished ****

**** Build of configuration Debug for project TMS570LS1224_Example ****

/Applications/ti/ccs910/ccs/utils/bin/gmake -k -j 3 all -O 
 
gmake[1]: 'TMS570LS1224_Example.out' is up to date.

**** Build Finished ****

**** Build of configuration Debug for project TMS570LS1224_Example ****

/Applications/ti/ccs910/ccs/utils/bin/gmake -k -j 3 all -O 
 
Building file: "../source/sys_main.c"
Invoking: ARM Compiler
"/Applications/ti/ccs910/ccs/tools/compiler/ti-cgt-arm_18.12.2.LTS/bin/armcl" -mv7R4 --code_state=32 --float_support=VFPv3D16 --include_path="/Users/sems/Documents/Workspace/mbed/ARM/TI/TMS570LS1224_Example/include" --include_path="/Users/sems/Documents/Workspace/mbed/ARM/TI/TMS570LS1224_Example/source" --include_path="/Users/sems/Documents/Workspace/mbed/ARM/TI/TMS570LS1224_Example" --include_path="/Applications/ti/ccs910/ccs/tools/compiler/ti-cgt-arm_18.12.2.LTS/include" -g --diag_warning=225 --diag_wrap=off --display_error_number --enum_type=packed --abi=eabi --preproc_with_compile --preproc_dependency="source/sys_main.d_raw" --obj_directory="source"  "../source/sys_main.c"
Finished building: "../source/sys_main.c"
 
Building target: "TMS570LS1224_Example.out"
Invoking: ARM Linker
"/Applications/ti/ccs910/ccs/tools/compiler/ti-cgt-arm_18.12.2.LTS/bin/armcl" -mv7R4 --code_state=32 --float_support=VFPv3D16 -g --diag_warning=225 --diag_wrap=off --display_error_number --enum_type=packed --abi=eabi -z -m"TMS570LS1224_Example.map" --heap_size=0x800 --stack_size=0x800 -i"/Applications/ti/ccs910/ccs/tools/compiler/ti-cgt-arm_18.12.2.LTS/lib" -i"/Applications/ti/ccs910/ccs/tools/compiler/ti-cgt-arm_18.12.2.LTS/include" --reread_libs --diag_wrap=off --display_error_number --warn_sections --xml_link_info="TMS570LS1224_Example_linkInfo.xml" --rom_model --be32 -o "TMS570LS1224_Example.out" "./source/dabort.obj" "./source/errata_SSWF021_45.obj" "./source/esm.obj" "./source/notification.obj" "./source/pinmux.obj" "./source/sci.obj" "./source/sys_core.obj" "./source/sys_dma.obj" "./source/sys_intvecs.obj" "./source/sys_main.obj" "./source/sys_mpu.obj" "./source/sys_pcr.obj" "./source/sys_phantom.obj" "./source/sys_pmm.obj" "./source/sys_pmu.obj" "./source/sys_selftest.obj" "./source/sys_startup.obj" "./source/sys_vim.obj" "./source/system.obj" "../source/sys_link.cmd"  -lrtsv7R4_T_be_v3D16_eabi.lib 
<Linking>
Finished building target: "TMS570LS1224_Example.out"
 

**** Build Finished ****

**** Build of configuration Debug for project TMS570LS1224_Example ****

/Applications/ti/ccs910/ccs/utils/bin/gmake -k -j 3 all -O 
 
gmake[1]: 'TMS570LS1224_Example.out' is up to date.

**** Build Finished ****

**** Build of configuration Debug for project TMS570LS1224_Example ****

/Applications/ti/ccs910/ccs/utils/bin/gmake -k -j 3 all -O 
 
Building file: "../source/dabort.asm"
Invoking: ARM Compiler
"/Applications/ti/ccs910/ccs/tools/compiler/ti-cgt-arm_18.12.2.LTS/bin/armcl" -mv7R4 --code_state=32 --float_support=VFPv3D16 --include_path="/Users/sems/Documents/Workspace/mbed/ARM/TI/TMS570LS1224_Example/include" --include_path="/Users/sems/Documents/Workspace/mbed/ARM/TI/TMS570LS1224_Example/source" --include_path="/Users/sems/Documents/Workspace/mbed/ARM/TI/TMS570LS1224_Example" --include_path="/Applications/ti/ccs910/ccs/tools/compiler/ti-cgt-arm_18.12.2.LTS/include" -g --diag_warning=225 --diag_wrap=off --display_error_number --enum_type=packed --abi=eabi --preproc_with_compile --preproc_dependency="source/dabort.d_raw" --obj_directory="source"  "../source/dabort.asm"
Finished building: "../source/dabort.asm"
 
Building file: "../source/errata_SSWF021_45.c"
Invoking: ARM Compiler
"/Applications/ti/ccs910/ccs/tools/compiler/ti-cgt-arm_18.12.2.LTS/bin/armcl" -mv7R4 --code_state=32 --float_support=VFPv3D16 --include_path="/Users/sems/Documents/Workspace/mbed/ARM/TI/TMS570LS1224_Example/include" --include_path="/Users/sems/Documents/Workspace/mbed/ARM/TI/TMS570LS1224_Example/source" --include_path="/Users/sems/Documents/Workspace/mbed/ARM/TI/TMS570LS1224_Example" --include_path="/Applications/ti/ccs910/ccs/tools/compiler/ti-cgt-arm_18.12.2.LTS/include" -g --diag_warning=225 --diag_wrap=off --display_error_number --enum_type=packed --abi=eabi --preproc_with_compile --preproc_dependency="source/errata_SSWF021_45.d_raw" --obj_directory="source"  "../source/errata_SSWF021_45.c"
Finished building: "../source/errata_SSWF021_45.c"
 
Building file: "../source/esm.c"
Invoking: ARM Compiler
"/Applications/ti/ccs910/ccs/tools/compiler/ti-cgt-arm_18.12.2.LTS/bin/armcl" -mv7R4 --code_state=32 --float_support=VFPv3D16 --include_path="/Users/sems/Documents/Workspace/mbed/ARM/TI/TMS570LS1224_Example/include" --include_path="/Users/sems/Documents/Workspace/mbed/ARM/TI/TMS570LS1224_Example/source" --include_path="/Users/sems/Documents/Workspace/mbed/ARM/TI/TMS570LS1224_Example" --include_path="/Applications/ti/ccs910/ccs/tools/compiler/ti-cgt-arm_18.12.2.LTS/include" -g --diag_warning=225 --diag_wrap=off --display_error_number --enum_type=packed --abi=eabi --preproc_with_compile --preproc_dependency="source/esm.d_raw" --obj_directory="source"  "../source/esm.c"
Finished building: "../source/esm.c"
 
Building file: "../source/notification.c"
Invoking: ARM Compiler
"/Applications/ti/ccs910/ccs/tools/compiler/ti-cgt-arm_18.12.2.LTS/bin/armcl" -mv7R4 --code_state=32 --float_support=VFPv3D16 --include_path="/Users/sems/Documents/Workspace/mbed/ARM/TI/TMS570LS1224_Example/include" --include_path="/Users/sems/Documents/Workspace/mbed/ARM/TI/TMS570LS1224_Example/source" --include_path="/Users/sems/Documents/Workspace/mbed/ARM/TI/TMS570LS1224_Example" --include_path="/Applications/ti/ccs910/ccs/tools/compiler/ti-cgt-arm_18.12.2.LTS/include" -g --diag_warning=225 --diag_wrap=off --display_error_number --enum_type=packed --abi=eabi --preproc_with_compile --preproc_dependency="source/notification.d_raw" --obj_directory="source"  "../source/notification.c"
Finished building: "../source/notification.c"
 
Building file: "../source/sys_core.asm"
Invoking: ARM Compiler
"/Applications/ti/ccs910/ccs/tools/compiler/ti-cgt-arm_18.12.2.LTS/bin/armcl" -mv7R4 --code_state=32 --float_support=VFPv3D16 --include_path="/Users/sems/Documents/Workspace/mbed/ARM/TI/TMS570LS1224_Example/include" --include_path="/Users/sems/Documents/Workspace/mbed/ARM/TI/TMS570LS1224_Example/source" --include_path="/Users/sems/Documents/Workspace/mbed/ARM/TI/TMS570LS1224_Example" --include_path="/Applications/ti/ccs910/ccs/tools/compiler/ti-cgt-arm_18.12.2.LTS/include" -g --diag_warning=225 --diag_wrap=off --display_error_number --enum_type=packed --abi=eabi --preproc_with_compile --preproc_dependency="source/sys_core.d_raw" --obj_directory="source"  "../source/sys_core.asm"
Finished building: "../source/sys_core.asm"
 
Building file: "../source/pinmux.c"
Invoking: ARM Compiler
"/Applications/ti/ccs910/ccs/tools/compiler/ti-cgt-arm_18.12.2.LTS/bin/armcl" -mv7R4 --code_state=32 --float_support=VFPv3D16 --include_path="/Users/sems/Documents/Workspace/mbed/ARM/TI/TMS570LS1224_Example/include" --include_path="/Users/sems/Documents/Workspace/mbed/ARM/TI/TMS570LS1224_Example/source" --include_path="/Users/sems/Documents/Workspace/mbed/ARM/TI/TMS570LS1224_Example" --include_path="/Applications/ti/ccs910/ccs/tools/compiler/ti-cgt-arm_18.12.2.LTS/include" -g --diag_warning=225 --diag_wrap=off --display_error_number --enum_type=packed --abi=eabi --preproc_with_compile --preproc_dependency="source/pinmux.d_raw" --obj_directory="source"  "../source/pinmux.c"
Finished building: "../source/pinmux.c"
 
Building file: "../source/sys_intvecs.asm"
Invoking: ARM Compiler
"/Applications/ti/ccs910/ccs/tools/compiler/ti-cgt-arm_18.12.2.LTS/bin/armcl" -mv7R4 --code_state=32 --float_support=VFPv3D16 --include_path="/Users/sems/Documents/Workspace/mbed/ARM/TI/TMS570LS1224_Example/include" --include_path="/Users/sems/Documents/Workspace/mbed/ARM/TI/TMS570LS1224_Example/source" --include_path="/Users/sems/Documents/Workspace/mbed/ARM/TI/TMS570LS1224_Example" --include_path="/Applications/ti/ccs910/ccs/tools/compiler/ti-cgt-arm_18.12.2.LTS/include" -g --diag_warning=225 --diag_wrap=off --display_error_number --enum_type=packed --abi=eabi --preproc_with_compile --preproc_dependency="source/sys_intvecs.d_raw" --obj_directory="source"  "../source/sys_intvecs.asm"
Finished building: "../source/sys_intvecs.asm"
 
Building file: "../source/sys_dma.c"
Invoking: ARM Compiler
"/Applications/ti/ccs910/ccs/tools/compiler/ti-cgt-arm_18.12.2.LTS/bin/armcl" -mv7R4 --code_state=32 --float_support=VFPv3D16 --include_path="/Users/sems/Documents/Workspace/mbed/ARM/TI/TMS570LS1224_Example/include" --include_path="/Users/sems/Documents/Workspace/mbed/ARM/TI/TMS570LS1224_Example/source" --include_path="/Users/sems/Documents/Workspace/mbed/ARM/TI/TMS570LS1224_Example" --include_path="/Applications/ti/ccs910/ccs/tools/compiler/ti-cgt-arm_18.12.2.LTS/include" -g --diag_warning=225 --diag_wrap=off --display_error_number --enum_type=packed --abi=eabi --preproc_with_compile --preproc_dependency="source/sys_dma.d_raw" --obj_directory="source"  "../source/sys_dma.c"
Finished building: "../source/sys_dma.c"
 
Building file: "../source/sys_mpu.asm"
Invoking: ARM Compiler
"/Applications/ti/ccs910/ccs/tools/compiler/ti-cgt-arm_18.12.2.LTS/bin/armcl" -mv7R4 --code_state=32 --float_support=VFPv3D16 --include_path="/Users/sems/Documents/Workspace/mbed/ARM/TI/TMS570LS1224_Example/include" --include_path="/Users/sems/Documents/Workspace/mbed/ARM/TI/TMS570LS1224_Example/source" --include_path="/Users/sems/Documents/Workspace/mbed/ARM/TI/TMS570LS1224_Example" --include_path="/Applications/ti/ccs910/ccs/tools/compiler/ti-cgt-arm_18.12.2.LTS/include" -g --diag_warning=225 --diag_wrap=off --display_error_number --enum_type=packed --abi=eabi --preproc_with_compile --preproc_dependency="source/sys_mpu.d_raw" --obj_directory="source"  "../source/sys_mpu.asm"
Finished building: "../source/sys_mpu.asm"
 
Building file: "../source/sys_main.c"
Invoking: ARM Compiler
"/Applications/ti/ccs910/ccs/tools/compiler/ti-cgt-arm_18.12.2.LTS/bin/armcl" -mv7R4 --code_state=32 --float_support=VFPv3D16 --include_path="/Users/sems/Documents/Workspace/mbed/ARM/TI/TMS570LS1224_Example/include" --include_path="/Users/sems/Documents/Workspace/mbed/ARM/TI/TMS570LS1224_Example/source" --include_path="/Users/sems/Documents/Workspace/mbed/ARM/TI/TMS570LS1224_Example" --include_path="/Applications/ti/ccs910/ccs/tools/compiler/ti-cgt-arm_18.12.2.LTS/include" -g --diag_warning=225 --diag_wrap=off --display_error_number --enum_type=packed --abi=eabi --preproc_with_compile --preproc_dependency="source/sys_main.d_raw" --obj_directory="source"  "../source/sys_main.c"
"../source/sys_main.c", line 87: warning #112-D: statement is unreachable
Finished building: "../source/sys_main.c"
 
Building file: "../source/sci.c"
Invoking: ARM Compiler
"/Applications/ti/ccs910/ccs/tools/compiler/ti-cgt-arm_18.12.2.LTS/bin/armcl" -mv7R4 --code_state=32 --float_support=VFPv3D16 --include_path="/Users/sems/Documents/Workspace/mbed/ARM/TI/TMS570LS1224_Example/include" --include_path="/Users/sems/Documents/Workspace/mbed/ARM/TI/TMS570LS1224_Example/source" --include_path="/Users/sems/Documents/Workspace/mbed/ARM/TI/TMS570LS1224_Example" --include_path="/Applications/ti/ccs910/ccs/tools/compiler/ti-cgt-arm_18.12.2.LTS/include" -g --diag_warning=225 --diag_wrap=off --display_error_number --enum_type=packed --abi=eabi --preproc_with_compile --preproc_dependency="source/sci.d_raw" --obj_directory="source"  "../source/sci.c"
Finished building: "../source/sci.c"
 
Building file: "../source/sys_phantom.c"
Invoking: ARM Compiler
"/Applications/ti/ccs910/ccs/tools/compiler/ti-cgt-arm_18.12.2.LTS/bin/armcl" -mv7R4 --code_state=32 --float_support=VFPv3D16 --include_path="/Users/sems/Documents/Workspace/mbed/ARM/TI/TMS570LS1224_Example/include" --include_path="/Users/sems/Documents/Workspace/mbed/ARM/TI/TMS570LS1224_Example/source" --include_path="/Users/sems/Documents/Workspace/mbed/ARM/TI/TMS570LS1224_Example" --include_path="/Applications/ti/ccs910/ccs/tools/compiler/ti-cgt-arm_18.12.2.LTS/include" -g --diag_warning=225 --diag_wrap=off --display_error_number --enum_type=packed --abi=eabi --preproc_with_compile --preproc_dependency="source/sys_phantom.d_raw" --obj_directory="source"  "../source/sys_phantom.c"
Finished building: "../source/sys_phantom.c"
 
Building file: "../source/sys_pmu.asm"
Invoking: ARM Compiler
"/Applications/ti/ccs910/ccs/tools/compiler/ti-cgt-arm_18.12.2.LTS/bin/armcl" -mv7R4 --code_state=32 --float_support=VFPv3D16 --include_path="/Users/sems/Documents/Workspace/mbed/ARM/TI/TMS570LS1224_Example/include" --include_path="/Users/sems/Documents/Workspace/mbed/ARM/TI/TMS570LS1224_Example/source" --include_path="/Users/sems/Documents/Workspace/mbed/ARM/TI/TMS570LS1224_Example" --include_path="/Applications/ti/ccs910/ccs/tools/compiler/ti-cgt-arm_18.12.2.LTS/include" -g --diag_warning=225 --diag_wrap=off --display_error_number --enum_type=packed --abi=eabi --preproc_with_compile --preproc_dependency="source/sys_pmu.d_raw" --obj_directory="source"  "../source/sys_pmu.asm"
Finished building: "../source/sys_pmu.asm"
 
Building file: "../source/sys_pmm.c"
Invoking: ARM Compiler
"/Applications/ti/ccs910/ccs/tools/compiler/ti-cgt-arm_18.12.2.LTS/bin/armcl" -mv7R4 --code_state=32 --float_support=VFPv3D16 --include_path="/Users/sems/Documents/Workspace/mbed/ARM/TI/TMS570LS1224_Example/include" --include_path="/Users/sems/Documents/Workspace/mbed/ARM/TI/TMS570LS1224_Example/source" --include_path="/Users/sems/Documents/Workspace/mbed/ARM/TI/TMS570LS1224_Example" --include_path="/Applications/ti/ccs910/ccs/tools/compiler/ti-cgt-arm_18.12.2.LTS/include" -g --diag_warning=225 --diag_wrap=off --display_error_number --enum_type=packed --abi=eabi --preproc_with_compile --preproc_dependency="source/sys_pmm.d_raw" --obj_directory="source"  "../source/sys_pmm.c"
Finished building: "../source/sys_pmm.c"
 
Building file: "../source/sys_pcr.c"
Invoking: ARM Compiler
"/Applications/ti/ccs910/ccs/tools/compiler/ti-cgt-arm_18.12.2.LTS/bin/armcl" -mv7R4 --code_state=32 --float_support=VFPv3D16 --include_path="/Users/sems/Documents/Workspace/mbed/ARM/TI/TMS570LS1224_Example/include" --include_path="/Users/sems/Documents/Workspace/mbed/ARM/TI/TMS570LS1224_Example/source" --include_path="/Users/sems/Documents/Workspace/mbed/ARM/TI/TMS570LS1224_Example" --include_path="/Applications/ti/ccs910/ccs/tools/compiler/ti-cgt-arm_18.12.2.LTS/include" -g --diag_warning=225 --diag_wrap=off --display_error_number --enum_type=packed --abi=eabi --preproc_with_compile --preproc_dependency="source/sys_pcr.d_raw" --obj_directory="source"  "../source/sys_pcr.c"
Finished building: "../source/sys_pcr.c"
 
Building file: "../source/sys_startup.c"
Invoking: ARM Compiler
"/Applications/ti/ccs910/ccs/tools/compiler/ti-cgt-arm_18.12.2.LTS/bin/armcl" -mv7R4 --code_state=32 --float_support=VFPv3D16 --include_path="/Users/sems/Documents/Workspace/mbed/ARM/TI/TMS570LS1224_Example/include" --include_path="/Users/sems/Documents/Workspace/mbed/ARM/TI/TMS570LS1224_Example/source" --include_path="/Users/sems/Documents/Workspace/mbed/ARM/TI/TMS570LS1224_Example" --include_path="/Applications/ti/ccs910/ccs/tools/compiler/ti-cgt-arm_18.12.2.LTS/include" -g --diag_warning=225 --diag_wrap=off --display_error_number --enum_type=packed --abi=eabi --preproc_with_compile --preproc_dependency="source/sys_startup.d_raw" --obj_directory="source"  "../source/sys_startup.c"
Finished building: "../source/sys_startup.c"
 
Building file: "../source/sys_vim.c"
Invoking: ARM Compiler
"/Applications/ti/ccs910/ccs/tools/compiler/ti-cgt-arm_18.12.2.LTS/bin/armcl" -mv7R4 --code_state=32 --float_support=VFPv3D16 --include_path="/Users/sems/Documents/Workspace/mbed/ARM/TI/TMS570LS1224_Example/include" --include_path="/Users/sems/Documents/Workspace/mbed/ARM/TI/TMS570LS1224_Example/source" --include_path="/Users/sems/Documents/Workspace/mbed/ARM/TI/TMS570LS1224_Example" --include_path="/Applications/ti/ccs910/ccs/tools/compiler/ti-cgt-arm_18.12.2.LTS/include" -g --diag_warning=225 --diag_wrap=off --display_error_number --enum_type=packed --abi=eabi --preproc_with_compile --preproc_dependency="source/sys_vim.d_raw" --obj_directory="source"  "../source/sys_vim.c"
Finished building: "../source/sys_vim.c"
 
Building file: "../source/system.c"
Invoking: ARM Compiler
"/Applications/ti/ccs910/ccs/tools/compiler/ti-cgt-arm_18.12.2.LTS/bin/armcl" -mv7R4 --code_state=32 --float_support=VFPv3D16 --include_path="/Users/sems/Documents/Workspace/mbed/ARM/TI/TMS570LS1224_Example/include" --include_path="/Users/sems/Documents/Workspace/mbed/ARM/TI/TMS570LS1224_Example/source" --include_path="/Users/sems/Documents/Workspace/mbed/ARM/TI/TMS570LS1224_Example" --include_path="/Applications/ti/ccs910/ccs/tools/compiler/ti-cgt-arm_18.12.2.LTS/include" -g --diag_warning=225 --diag_wrap=off --display_error_number --enum_type=packed --abi=eabi --preproc_with_compile --preproc_dependency="source/system.d_raw" --obj_directory="source"  "../source/system.c"
Finished building: "../source/system.c"
 
Building file: "../source/sys_selftest.c"
Invoking: ARM Compiler
"/Applications/ti/ccs910/ccs/tools/compiler/ti-cgt-arm_18.12.2.LTS/bin/armcl" -mv7R4 --code_state=32 --float_support=VFPv3D16 --include_path="/Users/sems/Documents/Workspace/mbed/ARM/TI/TMS570LS1224_Example/include" --include_path="/Users/sems/Documents/Workspace/mbed/ARM/TI/TMS570LS1224_Example/source" --include_path="/Users/sems/Documents/Workspace/mbed/ARM/TI/TMS570LS1224_Example" --include_path="/Applications/ti/ccs910/ccs/tools/compiler/ti-cgt-arm_18.12.2.LTS/include" -g --diag_warning=225 --diag_wrap=off --display_error_number --enum_type=packed --abi=eabi --preproc_with_compile --preproc_dependency="source/sys_selftest.d_raw" --obj_directory="source"  "../source/sys_selftest.c"
Finished building: "../source/sys_selftest.c"
 
Building target: "TMS570LS1224_Example.out"
Invoking: ARM Linker
"/Applications/ti/ccs910/ccs/tools/compiler/ti-cgt-arm_18.12.2.LTS/bin/armcl" -mv7R4 --code_state=32 --float_support=VFPv3D16 -g --diag_warning=225 --diag_wrap=off --display_error_number --enum_type=packed --abi=eabi -z -m"TMS570LS1224_Example.map" --heap_size=0x800 --stack_size=0x800 -i"/Applications/ti/ccs910/ccs/tools/compiler/ti-cgt-arm_18.12.2.LTS/lib" -i"/Applications/ti/ccs910/ccs/tools/compiler/ti-cgt-arm_18.12.2.LTS/include" --reread_libs --diag_wrap=off --display_error_number --warn_sections --xml_link_info="TMS570LS1224_Example_linkInfo.xml" --rom_model --be32 -o "TMS570LS1224_Example.out" "./source/dabort.obj" "./source/errata_SSWF021_45.obj" "./source/esm.obj" "./source/notification.obj" "./source/pinmux.obj" "./source/sci.obj" "./source/sys_core.obj" "./source/sys_dma.obj" "./source/sys_intvecs.obj" "./source/sys_main.obj" "./source/sys_mpu.obj" "./source/sys_pcr.obj" "./source/sys_phantom.obj" "./source/sys_pmm.obj" "./source/sys_pmu.obj" "./source/sys_selftest.obj" "./source/sys_startup.obj" "./source/sys_vim.obj" "./source/system.obj" "../source/sys_link.cmd"  -lrtsv7R4_T_be_v3D16_eabi.lib 
<Linking>
Finished building target: "TMS570LS1224_Example.out"
 

**** Build Finished ****

**** Build of configuration Debug for project TMS570LS1224_Example ****

/Applications/ti/ccs910/ccs/utils/bin/gmake -k -j 3 all -O 
 
gmake[1]: 'TMS570LS1224_Example.out' is up to date.

**** Build Finished ****

**** Build of configuration Debug for project TMS570LS1224_Example ****

/Applications/ti/ccs910/ccs/utils/bin/gmake -k -j 3 all -O 
 
gmake[1]: 'TMS570LS1224_Example.out' is up to date.

**** Build Finished ****

**** Build of configuration Debug for project TMS570LS1224_Example ****

/Applications/ti/ccs910/ccs/utils/bin/gmake -k -j 3 all -O 
 
gmake[1]: 'TMS570LS1224_Example.out' is up to date.

**** Build Finished ****

**** Build of configuration Debug for project TMS570LS1224_Example ****

/Applications/ti/ccs910/ccs/utils/bin/gmake -k -j 3 all -O 
 
Building file: "../source/sys_main.c"
Invoking: ARM Compiler
"/Applications/ti/ccs910/ccs/tools/compiler/ti-cgt-arm_18.12.2.LTS/bin/armcl" -mv7R4 --code_state=32 --float_support=VFPv3D16 --include_path="/Users/sems/Documents/Workspace/mbed/ARM/TI/TMS570LS1224_Example/include" --include_path="/Users/sems/Documents/Workspace/mbed/ARM/TI/TMS570LS1224_Example/source" --include_path="/Users/sems/Documents/Workspace/mbed/ARM/TI/TMS570LS1224_Example" --include_path="/Applications/ti/ccs910/ccs/tools/compiler/ti-cgt-arm_18.12.2.LTS/include" -g --diag_warning=225 --diag_wrap=off --display_error_number --enum_type=packed --abi=eabi --preproc_with_compile --preproc_dependency="source/sys_main.d_raw" --obj_directory="source"  "../source/sys_main.c"
Finished building: "../source/sys_main.c"
 
Building target: "TMS570LS1224_Example.out"
Invoking: ARM Linker
"/Applications/ti/ccs910/ccs/tools/compiler/ti-cgt-arm_18.12.2.LTS/bin/armcl" -mv7R4 --code_state=32 --float_support=VFPv3D16 -g --diag_warning=225 --diag_wrap=off --display_error_number --enum_type=packed --abi=eabi -z -m"TMS570LS1224_Example.map" --heap_size=0x800 --stack_size=0x800 -i"/Applications/ti/ccs910/ccs/tools/compiler/ti-cgt-arm_18.12.2.LTS/lib" -i"/Applications/ti/ccs910/ccs/tools/compiler/ti-cgt-arm_18.12.2.LTS/include" --reread_libs --diag_wrap=off --display_error_number --warn_sections --xml_link_info="TMS570LS1224_Example_linkInfo.xml" --rom_model --be32 -o "TMS570LS1224_Example.out" "./source/dabort.obj" "./source/errata_SSWF021_45.obj" "./source/esm.obj" "./source/notification.obj" "./source/pinmux.obj" "./source/sci.obj" "./source/sys_core.obj" "./source/sys_dma.obj" "./source/sys_intvecs.obj" "./source/sys_main.obj" "./source/sys_mpu.obj" "./source/sys_pcr.obj" "./source/sys_phantom.obj" "./source/sys_pmm.obj" "./source/sys_pmu.obj" "./source/sys_selftest.obj" "./source/sys_startup.obj" "./source/sys_vim.obj" "./source/system.obj" "../source/sys_link.cmd"  -lrtsv7R4_T_be_v3D16_eabi.lib 
<Linking>
Finished building target: "TMS570LS1224_Example.out"
 

**** Build Finished ****

**** Build of configuration Debug for project TMS570LS1224_Example ****

/Applications/ti/ccs910/ccs/utils/bin/gmake -k -j 3 all -O 
 
gmake[1]: 'TMS570LS1224_Example.out' is up to date.

**** Build Finished ****

**** Build of configuration Debug for project TMS570LS1224_Example ****

/Applications/ti/ccs910/ccs/utils/bin/gmake -k -j 3 all -O 
 
Building file: "../source/sys_main.c"
Invoking: ARM Compiler
"/Applications/ti/ccs910/ccs/tools/compiler/ti-cgt-arm_18.12.2.LTS/bin/armcl" -mv7R4 --code_state=32 --float_support=VFPv3D16 --include_path="/Users/sems/Documents/Workspace/mbed/ARM/TI/TMS570LS1224_Example/include" --include_path="/Users/sems/Documents/Workspace/mbed/ARM/TI/TMS570LS1224_Example/source" --include_path="/Users/sems/Documents/Workspace/mbed/ARM/TI/TMS570LS1224_Example" --include_path="/Applications/ti/ccs910/ccs/tools/compiler/ti-cgt-arm_18.12.2.LTS/include" -g --diag_warning=225 --diag_wrap=off --display_error_number --enum_type=packed --abi=eabi --preproc_with_compile --preproc_dependency="source/sys_main.d_raw" --obj_directory="source"  "../source/sys_main.c"
"../source/sys_main.c", line 85: warning #225-D: function "slee" declared implicitly
Finished building: "../source/sys_main.c"
 
Building target: "TMS570LS1224_Example.out"
Invoking: ARM Linker
"/Applications/ti/ccs910/ccs/tools/compiler/ti-cgt-arm_18.12.2.LTS/bin/armcl" -mv7R4 --code_state=32 --float_support=VFPv3D16 -g --diag_warning=225 --diag_wrap=off --display_error_number --enum_type=packed --abi=eabi -z -m"TMS570LS1224_Example.map" --heap_size=0x800 --stack_size=0x800 -i"/Applications/ti/ccs910/ccs/tools/compiler/ti-cgt-arm_18.12.2.LTS/lib" -i"/Applications/ti/ccs910/ccs/tools/compiler/ti-cgt-arm_18.12.2.LTS/include" --reread_libs --diag_wrap=off --display_error_number --warn_sections --xml_link_info="TMS570LS1224_Example_linkInfo.xml" --rom_model --be32 -o "TMS570LS1224_Example.out" "./source/dabort.obj" "./source/errata_SSWF021_45.obj" "./source/esm.obj" "./source/notification.obj" "./source/pinmux.obj" "./source/sci.obj" "./source/sys_core.obj" "./source/sys_dma.obj" "./source/sys_intvecs.obj" "./source/sys_main.obj" "./source/sys_mpu.obj" "./source/sys_pcr.obj" "./source/sys_phantom.obj" "./source/sys_pmm.obj" "./source/sys_pmu.obj" "./source/sys_selftest.obj" "./source/sys_startup.obj" "./source/sys_vim.obj" "./source/system.obj" "../source/sys_link.cmd"  -lrtsv7R4_T_be_v3D16_eabi.lib 
<Linking>
 
 undefined first referenced     
  symbol       in file          
 --------- ----------------     
 slee      ./source/sys_main.obj
 
error #10234-D: unresolved symbols remain
error #10010: errors encountered during linking; "TMS570LS1224_Example.out" not built
 
>> Compilation failure
makefile:157: recipe for target 'TMS570LS1224_Example.out' failed
gmake[1]: *** [TMS570LS1224_Example.out] Error 1
gmake: *** [all] Error 2
makefile:153: recipe for target 'all' failed

**** Build Finished ****

**** Build of configuration Debug for project TMS570LS1224_Example ****

/Applications/ti/ccs910/ccs/utils/bin/gmake -k -j 3 all -O 
 
Building file: "../source/sys_main.c"
Invoking: ARM Compiler
"/Applications/ti/ccs910/ccs/tools/compiler/ti-cgt-arm_18.12.2.LTS/bin/armcl" -mv7R4 --code_state=32 --float_support=VFPv3D16 --include_path="/Users/sems/Documents/Workspace/mbed/ARM/TI/TMS570LS1224_Example/include" --include_path="/Users/sems/Documents/Workspace/mbed/ARM/TI/TMS570LS1224_Example/source" --include_path="/Users/sems/Documents/Workspace/mbed/ARM/TI/TMS570LS1224_Example" --include_path="/Applications/ti/ccs910/ccs/tools/compiler/ti-cgt-arm_18.12.2.LTS/include" -g --diag_warning=225 --diag_wrap=off --display_error_number --enum_type=packed --abi=eabi --preproc_with_compile --preproc_dependency="source/sys_main.d_raw" --obj_directory="source"  "../source/sys_main.c"
"../source/sys_main.c", line 85: warning #225-D: function "sleep" declared implicitly
Finished building: "../source/sys_main.c"
 
Building target: "TMS570LS1224_Example.out"
Invoking: ARM Linker
"/Applications/ti/ccs910/ccs/tools/compiler/ti-cgt-arm_18.12.2.LTS/bin/armcl" -mv7R4 --code_state=32 --float_support=VFPv3D16 -g --diag_warning=225 --diag_wrap=off --display_error_number --enum_type=packed --abi=eabi -z -m"TMS570LS1224_Example.map" --heap_size=0x800 --stack_size=0x800 -i"/Applications/ti/ccs910/ccs/tools/compiler/ti-cgt-arm_18.12.2.LTS/lib" -i"/Applications/ti/ccs910/ccs/tools/compiler/ti-cgt-arm_18.12.2.LTS/include" --reread_libs --diag_wrap=off --display_error_number --warn_sections --xml_link_info="TMS570LS1224_Example_linkInfo.xml" --rom_model --be32 -o "TMS570LS1224_Example.out" "./source/dabort.obj" "./source/errata_SSWF021_45.obj" "./source/esm.obj" "./source/notification.obj" "./source/pinmux.obj" "./source/sci.obj" "./source/sys_core.obj" "./source/sys_dma.obj" "./source/sys_intvecs.obj" "./source/sys_main.obj" "./source/sys_mpu.obj" "./source/sys_pcr.obj" "./source/sys_phantom.obj" "./source/sys_pmm.obj" "./source/sys_pmu.obj" "./source/sys_selftest.obj" "./source/sys_startup.obj" "./source/sys_vim.obj" "./source/system.obj" "../source/sys_link.cmd"  -lrtsv7R4_T_be_v3D16_eabi.lib 
<Linking>
 
 undefined first referenced     
  symbol       in file          
 --------- ----------------     
 sleep     ./source/sys_main.obj
 
error #10234-D: unresolved symbols remain
error #10010: errors encountered during linking; "TMS570LS1224_Example.out" not built
 
>> Compilation failure
makefile:157: recipe for target 'TMS570LS1224_Example.out' failed
gmake[1]: *** [TMS570LS1224_Example.out] Error 1
makefile:153: recipe for target 'all' failed
gmake: *** [all] Error 2

**** Build Finished ****

**** Build of configuration Debug for project TMS570LS1224_Example ****

/Applications/ti/ccs910/ccs/utils/bin/gmake -k -j 3 all -O 
 
Building file: "../source/sys_main.c"
Invoking: ARM Compiler
"/Applications/ti/ccs910/ccs/tools/compiler/ti-cgt-arm_18.12.2.LTS/bin/armcl" -mv7R4 --code_state=32 --float_support=VFPv3D16 --include_path="/Users/sems/Documents/Workspace/mbed/ARM/TI/TMS570LS1224_Example/include" --include_path="/Users/sems/Documents/Workspace/mbed/ARM/TI/TMS570LS1224_Example/source" --include_path="/Users/sems/Documents/Workspace/mbed/ARM/TI/TMS570LS1224_Example" --include_path="/Applications/ti/ccs910/ccs/tools/compiler/ti-cgt-arm_18.12.2.LTS/include" -g --diag_warning=225 --diag_wrap=off --display_error_number --enum_type=packed --abi=eabi --preproc_with_compile --preproc_dependency="source/sys_main.d_raw" --obj_directory="source"  "../source/sys_main.c"
 
>> Compilation failure
source/subdir_rules.mk:14: recipe for target 'source/sys_main.obj' failed
"../source/sys_main.c", line 56: fatal error #1965: cannot open source file "unistd.h"
1 catastrophic error detected in the compilation of "../source/sys_main.c".
Compilation terminated.
gmake: *** [source/sys_main.obj] Error 1
gmake: Target 'all' not remade because of errors.

**** Build Finished ****

**** Build of configuration Debug for project TMS570LS1224_Example ****

/Applications/ti/ccs910/ccs/utils/bin/gmake -k -j 3 all -O 
 
Building file: "../source/sys_main.c"
Invoking: ARM Compiler
"/Applications/ti/ccs910/ccs/tools/compiler/ti-cgt-arm_18.12.2.LTS/bin/armcl" -mv7R4 --code_state=32 --float_support=VFPv3D16 --include_path="/Users/sems/Documents/Workspace/mbed/ARM/TI/TMS570LS1224_Example/include" --include_path="/Users/sems/Documents/Workspace/mbed/ARM/TI/TMS570LS1224_Example/source" --include_path="/Users/sems/Documents/Workspace/mbed/ARM/TI/TMS570LS1224_Example" --include_path="/Applications/ti/ccs910/ccs/tools/compiler/ti-cgt-arm_18.12.2.LTS/include" -g --diag_warning=225 --diag_wrap=off --display_error_number --enum_type=packed --abi=eabi --preproc_with_compile --preproc_dependency="source/sys_main.d_raw" --obj_directory="source"  "../source/sys_main.c"
 
>> Compilation failure
source/subdir_rules.mk:14: recipe for target 'source/sys_main.obj' failed
"../source/sys_main.c", line 56: fatal error #1965: cannot open source file "unistd.h"
1 catastrophic error detected in the compilation of "../source/sys_main.c".
Compilation terminated.
gmake: *** [source/sys_main.obj] Error 1
gmake: Target 'all' not remade because of errors.

**** Build Finished ****

**** Build of configuration Debug for project TMS570LS1224_Example ****

/Applications/ti/ccs910/ccs/utils/bin/gmake -k -j 3 all -O 
 
Building file: "../source/sys_main.c"
Invoking: ARM Compiler
"/Applications/ti/ccs910/ccs/tools/compiler/ti-cgt-arm_18.12.2.LTS/bin/armcl" -mv7R4 --code_state=32 --float_support=VFPv3D16 --include_path="/Users/sems/Documents/Workspace/mbed/ARM/TI/TMS570LS1224_Example/include" --include_path="/Users/sems/Documents/Workspace/mbed/ARM/TI/TMS570LS1224_Example/source" --include_path="/Users/sems/Documents/Workspace/mbed/ARM/TI/TMS570LS1224_Example" --include_path="/Applications/ti/ccs910/ccs/tools/compiler/ti-cgt-arm_18.12.2.LTS/include" -g --diag_warning=225 --diag_wrap=off --display_error_number --enum_type=packed --abi=eabi --preproc_with_compile --preproc_dependency="source/sys_main.d_raw" --obj_directory="source"  "../source/sys_main.c"
 
>> Compilation failure
source/subdir_rules.mk:14: recipe for target 'source/sys_main.obj' failed
"../source/sys_main.c", line 56: fatal error #1965: cannot open source file "unistdio.h"
1 catastrophic error detected in the compilation of "../source/sys_main.c".
Compilation terminated.
gmake: *** [source/sys_main.obj] Error 1
gmake: Target 'all' not remade because of errors.

**** Build Finished ****

**** Build of configuration Debug for project TMS570LS1224_Example ****

/Applications/ti/ccs910/ccs/utils/bin/gmake -k -j 3 all -O 
 
Building file: "../source/sys_main.c"
Invoking: ARM Compiler
"/Applications/ti/ccs910/ccs/tools/compiler/ti-cgt-arm_18.12.2.LTS/bin/armcl" -mv7R4 --code_state=32 --float_support=VFPv3D16 --include_path="/Users/sems/Documents/Workspace/mbed/ARM/TI/TMS570LS1224_Example/include" --include_path="/Users/sems/Documents/Workspace/mbed/ARM/TI/TMS570LS1224_Example/source" --include_path="/Users/sems/Documents/Workspace/mbed/ARM/TI/TMS570LS1224_Example" --include_path="/Applications/ti/ccs910/ccs/tools/compiler/ti-cgt-arm_18.12.2.LTS/include" -g --diag_warning=225 --diag_wrap=off --display_error_number --enum_type=packed --abi=eabi --preproc_with_compile --preproc_dependency="source/sys_main.d_raw" --obj_directory="source"  "../source/sys_main.c"
"../source/sys_main.c", line 85: warning #225-D: function "sleep" declared implicitly
Finished building: "../source/sys_main.c"
 
Building target: "TMS570LS1224_Example.out"
Invoking: ARM Linker
"/Applications/ti/ccs910/ccs/tools/compiler/ti-cgt-arm_18.12.2.LTS/bin/armcl" -mv7R4 --code_state=32 --float_support=VFPv3D16 -g --diag_warning=225 --diag_wrap=off --display_error_number --enum_type=packed --abi=eabi -z -m"TMS570LS1224_Example.map" --heap_size=0x800 --stack_size=0x800 -i"/Applications/ti/ccs910/ccs/tools/compiler/ti-cgt-arm_18.12.2.LTS/lib" -i"/Applications/ti/ccs910/ccs/tools/compiler/ti-cgt-arm_18.12.2.LTS/include" --reread_libs --diag_wrap=off --display_error_number --warn_sections --xml_link_info="TMS570LS1224_Example_linkInfo.xml" --rom_model --be32 -o "TMS570LS1224_Example.out" "./source/dabort.obj" "./source/errata_SSWF021_45.obj" "./source/esm.obj" "./source/notification.obj" "./source/pinmux.obj" "./source/sci.obj" "./source/sys_core.obj" "./source/sys_dma.obj" "./source/sys_intvecs.obj" "./source/sys_main.obj" "./source/sys_mpu.obj" "./source/sys_pcr.obj" "./source/sys_phantom.obj" "./source/sys_pmm.obj" "./source/sys_pmu.obj" "./source/sys_selftest.obj" "./source/sys_startup.obj" "./source/sys_vim.obj" "./source/system.obj" "../source/sys_link.cmd"  -lrtsv7R4_T_be_v3D16_eabi.lib 
<Linking>
 
 undefined first referenced     
  symbol       in file          
 --------- ----------------     
 sleep     ./source/sys_main.obj
 
error #10234-D: unresolved symbols remain
error #10010: errors encountered during linking; "TMS570LS1224_Example.out" not built
 
>> Compilation failure
makefile:157: recipe for target 'TMS570LS1224_Example.out' failed
makefile:153: recipe for target 'all' failed
gmake[1]: *** [TMS570LS1224_Example.out] Error 1
gmake: *** [all] Error 2

**** Build Finished ****

**** Build of configuration Debug for project TMS570LS1224_Example ****

/Applications/ti/ccs910/ccs/utils/bin/gmake -k -j 3 all -O 
 
Building file: "../source/sys_main.c"
Invoking: ARM Compiler
"/Applications/ti/ccs910/ccs/tools/compiler/ti-cgt-arm_18.12.2.LTS/bin/armcl" -mv7R4 --code_state=32 --float_support=VFPv3D16 --include_path="/Users/sems/Documents/Workspace/mbed/ARM/TI/TMS570LS1224_Example/include" --include_path="/Users/sems/Documents/Workspace/mbed/ARM/TI/TMS570LS1224_Example/source" --include_path="/Users/sems/Documents/Workspace/mbed/ARM/TI/TMS570LS1224_Example" --include_path="/Applications/ti/ccs910/ccs/tools/compiler/ti-cgt-arm_18.12.2.LTS/include" -g --diag_warning=225 --diag_wrap=off --display_error_number --enum_type=packed --abi=eabi --preproc_with_compile --preproc_dependency="source/sys_main.d_raw" --obj_directory="source"  "../source/sys_main.c"
Finished building: "../source/sys_main.c"
 
Building target: "TMS570LS1224_Example.out"
Invoking: ARM Linker
"/Applications/ti/ccs910/ccs/tools/compiler/ti-cgt-arm_18.12.2.LTS/bin/armcl" -mv7R4 --code_state=32 --float_support=VFPv3D16 -g --diag_warning=225 --diag_wrap=off --display_error_number --enum_type=packed --abi=eabi -z -m"TMS570LS1224_Example.map" --heap_size=0x800 --stack_size=0x800 -i"/Applications/ti/ccs910/ccs/tools/compiler/ti-cgt-arm_18.12.2.LTS/lib" -i"/Applications/ti/ccs910/ccs/tools/compiler/ti-cgt-arm_18.12.2.LTS/include" --reread_libs --diag_wrap=off --display_error_number --warn_sections --xml_link_info="TMS570LS1224_Example_linkInfo.xml" --rom_model --be32 -o "TMS570LS1224_Example.out" "./source/dabort.obj" "./source/errata_SSWF021_45.obj" "./source/esm.obj" "./source/notification.obj" "./source/pinmux.obj" "./source/sci.obj" "./source/sys_core.obj" "./source/sys_dma.obj" "./source/sys_intvecs.obj" "./source/sys_main.obj" "./source/sys_mpu.obj" "./source/sys_pcr.obj" "./source/sys_phantom.obj" "./source/sys_pmm.obj" "./source/sys_pmu.obj" "./source/sys_selftest.obj" "./source/sys_startup.obj" "./source/sys_vim.obj" "./source/system.obj" "../source/sys_link.cmd"  -lrtsv7R4_T_be_v3D16_eabi.lib 
<Linking>
Finished building target: "TMS570LS1224_Example.out"
 

**** Build Finished ****

**** Build of configuration Debug for project TMS570LS1224_Example ****

/Applications/ti/ccs910/ccs/utils/bin/gmake -k -j 3 all -O 
 
gmake[1]: 'TMS570LS1224_Example.out' is up to date.

**** Build Finished ****

**** Build of configuration Debug for project TMS570LS1224_Example ****

/Applications/ti/ccs910/ccs/utils/bin/gmake -k -j 3 all -O 
 
Building file: "../source/sys_main.c"
Invoking: ARM Compiler
"/Applications/ti/ccs910/ccs/tools/compiler/ti-cgt-arm_18.12.2.LTS/bin/armcl" -mv7R4 --code_state=32 --float_support=VFPv3D16 --include_path="/Users/sems/Documents/Workspace/mbed/ARM/TI/TMS570LS1224_Example/include" --include_path="/Users/sems/Documents/Workspace/mbed/ARM/TI/TMS570LS1224_Example/source" --include_path="/Users/sems/Documents/Workspace/mbed/ARM/TI/TMS570LS1224_Example" --include_path="/Applications/ti/ccs910/ccs/tools/compiler/ti-cgt-arm_18.12.2.LTS/include" -g --diag_warning=225 --diag_wrap=off --display_error_number --enum_type=packed --abi=eabi --preproc_with_compile --preproc_dependency="source/sys_main.d_raw" --obj_directory="source"  "../source/sys_main.c"
Finished building: "../source/sys_main.c"
 
Building target: "TMS570LS1224_Example.out"
Invoking: ARM Linker
"/Applications/ti/ccs910/ccs/tools/compiler/ti-cgt-arm_18.12.2.LTS/bin/armcl" -mv7R4 --code_state=32 --float_support=VFPv3D16 -g --diag_warning=225 --diag_wrap=off --display_error_number --enum_type=packed --abi=eabi -z -m"TMS570LS1224_Example.map" --heap_size=0x800 --stack_size=0x800 -i"/Applications/ti/ccs910/ccs/tools/compiler/ti-cgt-arm_18.12.2.LTS/lib" -i"/Applications/ti/ccs910/ccs/tools/compiler/ti-cgt-arm_18.12.2.LTS/include" --reread_libs --diag_wrap=off --display_error_number --warn_sections --xml_link_info="TMS570LS1224_Example_linkInfo.xml" --rom_model --be32 -o "TMS570LS1224_Example.out" "./source/dabort.obj" "./source/errata_SSWF021_45.obj" "./source/esm.obj" "./source/notification.obj" "./source/pinmux.obj" "./source/sci.obj" "./source/sys_core.obj" "./source/sys_dma.obj" "./source/sys_intvecs.obj" "./source/sys_main.obj" "./source/sys_mpu.obj" "./source/sys_pcr.obj" "./source/sys_phantom.obj" "./source/sys_pmm.obj" "./source/sys_pmu.obj" "./source/sys_selftest.obj" "./source/sys_startup.obj" "./source/sys_vim.obj" "./source/system.obj" "../source/sys_link.cmd"  -lrtsv7R4_T_be_v3D16_eabi.lib 
<Linking>
Finished building target: "TMS570LS1224_Example.out"
 

**** Build Finished ****

**** Build of configuration Debug for project TMS570LS1224_Example ****

/Applications/ti/ccs910/ccs/utils/bin/gmake -k -j 3 all -O 
 
gmake[1]: 'TMS570LS1224_Example.out' is up to date.

**** Build Finished ****

**** Build of configuration Debug for project TMS570LS1224_Example ****

/Applications/ti/ccs910/ccs/utils/bin/gmake -k -j 3 all -O 
 
Building target: "TMS570LS1224_Example.out"
Invoking: ARM Linker
"/Applications/ti/ccs910/ccs/tools/compiler/ti-cgt-arm_18.12.2.LTS/bin/armcl" -mv7R4 --code_state=32 --float_support=VFPv3D16 -g --diag_warning=225 --diag_wrap=off --display_error_number --enum_type=packed --abi=eabi -z -m"TMS570LS1224_Example.map" --heap_size=0x800 --stack_size=0x800 -i"/Applications/ti/ccs910/ccs/tools/compiler/ti-cgt-arm_18.12.2.LTS/lib" -i"/Applications/ti/ccs910/ccs/tools/compiler/ti-cgt-arm_18.12.2.LTS/include" --reread_libs --diag_wrap=off --display_error_number --warn_sections --xml_link_info="TMS570LS1224_Example_linkInfo.xml" --rom_model --be32 -o "TMS570LS1224_Example.out" "./source/dabort.obj" "./source/errata_SSWF021_45.obj" "./source/esm.obj" "./source/notification.obj" "./source/pinmux.obj" "./source/sci.obj" "./source/sys_core.obj" "./source/sys_dma.obj" "./source/sys_intvecs.obj" "./source/sys_main.obj" "./source/sys_mpu.obj" "./source/sys_pcr.obj" "./source/sys_phantom.obj" "./source/sys_pmm.obj" "./source/sys_pmu.obj" "./source/sys_selftest.obj" "./source/sys_startup.obj" "./source/sys_vim.obj" "./source/system.obj" "../source/sys_link.cmd"  -lrtsv7R4_T_be_v3D16_eabi.lib 
<Linking>
Finished building target: "TMS570LS1224_Example.out"
 

**** Build Finished ****

**** Build of configuration Debug for project TMS570LS1224_Example ****

/Applications/ti/ccs910/ccs/utils/bin/gmake -k -j 3 all -O 
 
gmake[1]: 'TMS570LS1224_Example.out' is up to date.

**** Build Finished ****
